11110011101000100010111111000000
11110010000000100010000000100111
11110010000000110010110101000000
11110010000001000011101101100000
11110010000001010011101001110000
11110010000001100101100001100000
11110011101000000000011001000001
11110011101000010001001000000000
11111010000000000000000111101010
11111110000000000000000000000001
11110010000000000000001000010000
11111110000000000000000000000000
11110010000000000000001000010000
11111110000000000000000000000001
11110010000000000000001000010000
11111110000000000000000000000000
11110010000000000000001000010000
11111110000000000000000000000001
11110010000000000000001000010000
11111110000000000000000000000000
11110010000000000000001000010000
11111110000000000000000000000001
11110010000000000000001000010000
11111110000000000000000000000000
11110010000000000000001000010000
11111110000000000000000000000001
11110010000000000000001000010000
11111110000000000000000000000000
11110010000000000000001001110000
11111110000000000000000000000001
11110010000000000000001000010000
11111110000000000000000000000000
11110010000000000000001000010000
11111110000000000000000000000001
11110010000000000000001000010000
11111110000000000000000000000000
11110010000000000000001000010000
11111110000000000000000000000001
11110010000000000000001000010000
11111110000000000000000000000000
11110010000000000000001000010000
11111110000000000000000000000001
11110010000000000000001000010000
11111110000000000000000000000000
11110010000000000000001000010000
11111110000000000000000000000001
11110010000000000000001000010000
11111110000000000000000000000000
11110010000000000000001001110000
11111110000000000000000000000001
11110010000000000000001000010000
11111110000000000000000000000000
11110010000000000000001000010000
11111110000000000000000000000001
11110010000000000000001000010000
11111110000000000000000000000000
11110010000000000000001000010000
11111110000000000000000000000001
11110010000000000000001000010000
11111110000000000000000000000000
11110010000000000000001000010000
11111110000000000000000000000001
11110010000000000000001000010000
11111110000000000000000000000000
11110010000000000000001000010000
11111110000000000000000000000001
11110010000000000000001000010000
11111110000000000000000000000000
11110010000000000000001001110000
11111110000000000000000000000001
11110010000000000000001000010000
11111110000000000000000000000000
11110010000000000000001000010000
11111110000000000000000000000001
11110010000000000000001000010000
11111110000000000000000000000000
11110010000000000000001000010000
11111110000000000000000000000001
11110010000000000000001000010000
11111110000000000000000000000000
11110010000000000000001000010000
11111110000000000000000000000001
11110010000000000000001000010000
11111110000000000000000000000000
11110010000000000000001000010000
11111110000000000000000000000001
11110010000000000000001000010000
11111110000000000000000000000000
11110010000000000000001001110000
11111110000000000000000000000001
11110010000000000000001000010000
11111110000000000000000000000000
11110010000000000000001000010000
11111110000000000000000000000001
11110010000000000000001000010000
11111110000000000000000000000000
11110010000000000000001000010000
11111110000000000000000000000001
11110010000000000000001000010000
11111110000000000000000000000000
11110010000000000000001000010000
11111110000000000000000000000001
11110010000000000000001000010000
11111110000000000000000000000000
11110010000000000000001000010000
11111110000000000000000000000001
11110010000000000000001000010000
11111110000000000000000000000000
11110010000000000000001001110000
11111110000000000000000000000001
11110010000000000000001000010000
11111110000000000000000000000000
11110010000000000000001000010000
11111110000000000000000000000001
11110010000000000000001000010000
11111110000000000000000000000000
11110010000000000000001000010000
11111110000000000000000000000001
11110010000000000000001000010000
11111110000000000000000000000000
11110010000000000000001000010000
11111110000000000000000000000001
11110010000000000000001000010000
11111110000000000000000000000000
11110010000000000000001000010000
11111110000000000000000000000001
11110010000000000000001000010000
11111110000000000000000000000000
11110001101011111111000000001110
11110001101011011101000000001110
11111011111111111111111110000111
11110010000000000000000000100111
11111011111111111111111110000101
11110010000000000000000000100111
11111011111111111111111110000011
11110010000000000000000000100111
11111011111111111111111110000001
11110010000000000000000000100111
11111011111111111111111101111111
11110010000000000000000000100111
11111011111111111111111101111101
11110010000000000000000000100111
11111011111111111111111101111011
11110010000000000000000000100111
11111011111111111111111101111001
11110010000000000000000000100111
11111011111111111111111101110111
11110010000000000000000000100111
11111011111111111111111101110101
11110000000000000000000000000010
11111011111111111111111101110011
11110010000000000000000000100111
11111011111111111111111101110001
11110010000000000000000000100111
11111011111111111111111101101111
11110010000000000000000000100111
11111011111111111111111101101101
11110010000000000000000000100111
11111011111111111111111101101011
11110010000000000000000000100111
11111011111111111111111101101001
11110010000000000000000000100111
11111011111111111111111101100111
11110010000000000000000000100111
11111011111111111111111101100101
11110010000000000000000000100111
11111011111111111111111101100011
11110010000000000000000000100111
11111011111111111111111101100001
11110000000000000000000000000010
11111011111111111111111101011111
11110010000000000000000000100111
11111011111111111111111101011101
11110010000000000000000000100111
11111011111111111111111101011011
11110010000000000000000000100111
11111011111111111111111101011001
11110010000000000000000000100111
11111011111111111111111101010111
11110010000000000000000000100111
11111011111111111111111101010101
11110010000000000000000000100111
11111011111111111111111101010011
11110010000000000000000000100111
11111011111111111111111101010001
11110010000000000000000000100111
11111011111111111111111101001111
11110010000000000000000000100111
11111011111111111111111101001101
11110000000000000000000000000010
11111011111111111111111101001011
11110010000000000000000000100111
11111011111111111111111101001001
11110010000000000000000000100111
11111011111111111111111101000111
11110010000000000000000000100111
11111011111111111111111101000101
11110010000000000000000000100111
11111011111111111111111101000011
11110010000000000000000000100111
11111011111111111111111101000001
11110010000000000000000000100111
11111011111111111111111100111111
11110010000000000000000000100111
11111011111111111111111100111101
11110010000000000000000000100111
11111011111111111111111100111011
11110010000000000000000000100111
11111011111111111111111100111001
11110000000000000000000000000010
11111011111111111111111100110111
11110010000000000000000000100111
11111011111111111111111100110101
11110010000000000000000000100111
11111011111111111111111100110011
11110010000000000000000000100111
11111011111111111111111100110001
11110010000000000000000000100111
11111011111111111111111100101111
11110010000000000000000000100111
11111011111111111111111100101101
11110010000000000000000000100111
11111011111111111111111100101011
11110010000000000000000000100111
11111011111111111111111100101001
11110010000000000000000000100111
11111011111111111111111100100111
11110010000000000000000000100111
11111011111111111111111100100101
11110000000000000000000000000010
11111011111111111111111100100011
11110010000000000000000000100111
11111011111111111111111100100001
11110010000000000000000000100111
11111011111111111111111100011111
11110010000000000000000000100111
11111011111111111111111100011101
11110010000000000000000000100111
11111011111111111111111100011011
11110010000000000000000000100111
11111011111111111111111100011001
11110010000000000000000000100111
11111011111111111111111100010111
11110010000000000000000000100111
11111011111111111111111100010101
11110010000000000000000000100111
11111011111111111111111100010011
11110010000000000000000000100111
11111011111111111111111100010001
11110001101011111111000000001101
11110001101011001100000000001110
11111011111111111111111110000110
11110000000000000000000000000011
11111011111111111111111110000100
11110000000000000000000000000011
11111011111111111111111110000010
11110000000000000000000000000011
11111011111111111111111110000000
11110000000000000000000000000011
11111011111111111111111101111110
11110000000000000000000000000011
11111011111111111111111101111100
11110000000000000000000000000011
11111011111111111111111101111010
11110000000000000000000000000011
11111011111111111111111101111000
11110000000000000000000000000011
11111011111111111111111101110110
11110000000000000000000000000011
11111011111111111111111101110100
11110000000000000000000000000100
11111011111111111111111101110010
11110000000000000000000000000011
11111011111111111111111101110000
11110000000000000000000000000011
11111011111111111111111101101110
11110000000000000000000000000011
11111011111111111111111101101100
11110000000000000000000000000011
11111011111111111111111101101010
11110000000000000000000000000011
11111011111111111111111101101000
11110000000000000000000000000011
11111011111111111111111101100110
11110000000000000000000000000011
11111011111111111111111101100100
11110000000000000000000000000011
11111011111111111111111101100010
11110000000000000000000000000011
11111011111111111111111101100000
11110000000000000000000000000100
11111011111111111111111101011110
11110000000000000000000000000011
11111011111111111111111101011100
11110000000000000000000000000011
11111011111111111111111101011010
11110000000000000000000000000011
11111011111111111111111101011000
11110001101011111111000000001100
11110001101010111011000000001110
11111011111111111111111111001110
11110000000000000000000000000101
11111011111111111111111111001100
11110000000000000000000000000101
11111011111111111111111111001010
11110000000000000000000000000101
11111011111111111111111111001000
11110000000000000000000000000101
11111011111111111111111111000110
11110000000000000000000000000101
11111011111111111111111111000100
11110000000000000000000000000101
11111011111111111111111111000010
11110000000000000000000000000101
11111011111111111111111111000000
11110000000000000000000000000101
11111011111111111111111110111110
11110000000000000000000000000110
11111011111111111111111110111100
11110000000000000000000000000101
11111011111111111111111110111010
11110000000000000000000000000101
11111011111111111111111110111000
11110000000000000000000000000101
11111011111111111111111110110110
11110000000000000000000000000101
11111011111111111111111110110100
11110000000000000000000000000101
11111011111111111111111110110010
11110000000000000000000000000101
11111011111111111111111110110000
11110000000000000000000000000101
11111011111111111111111110101110
11110000000000000000000000000101
11111011111111111111111110101100
11110000000000000000000000000101
11111011111111111111111110101010
11110000000000000000000000000110
11111011111111111111111110101000
11110000000000000000000000000101
11111011111111111111111110100110
11110000000000000000000000000101
11111011111111111111111110100100
11110000000000000000000000000101
11111011111111111111111110100010
11110000000000000000000000000101
11111011111111111111111110100000
11110000000000000000000000000101
11111011111111111111111110011110
11110000000000000000000000000101
11111011111111111111111110011100
11110000000000000000000000000101
11111011111111111111111110011010
11110000000000000000000000000101
11111011111111111111111110011000
11110001101011111111000000001011
11110001101010111011000000001110
11110010000011100101011101100000
11110001101011111111000000001011
11110001101010111011000000001110
11110000000000000000000000000101
11111011111111111111111110010001
11110010000011100101011101011100
11110001101011111111000000001011
11110001101010111011000000001110
11110000000000000000000000000101
11111011111111111111111110001100
11110000000000000000000000000110
11111011111111111111111110001010
11110010000011100101011101000000
11110001101011111111000000001011
11110001101010111011000000001110
11110000000000000000000000000101
11111011111111111111111110000101
11110000000000000000000000000110
11111011111111111111111110000011
11110000000000000000000000000101
11111011111111111111111110000001
11110010000011100101100011110000
11110001101011111111000000001011
11110001101010101010000000001110
11111011111111111111111110101110
11111011111111111111111111110101
11110000000000000000000000001110
11111011111111111111111110101011
11111011111111111111111111100110
11110000000000000000000000001110
11111010000000000000000000001000
11110001101010101010000000001110
11111011111111111111111110100110
11111011111111111111111111101101
11110000000000000000000000001110
11111011111111111111111110100011
11111011111111111111111111011011
11110000000000000000000000001110
11111011111111111111111110100000
11111011111111111111111111100111
11110000000000000000000000001110
11111011111111111111111110011101
11111011111111111111111111011101
11110000000000000000000000001110
11111011111111111111111110011010
11111011111111111111111111100001
11110000000000000000000000001110
11111011111111111111111110010111
11111011111111111111111111010111
11110000000000000000000000001110
11111011111111111111111110010100
11111011111111111111111111011011
11110000000000000000000000001110
11111011111111111111111110010001
11111011111111111111111111011000
11110000000000000000000000001110
11111011111111111111111110001110
11111011111111111111111111001110
11110010000011101110010101100000
11110000000000000000000000001110
11111011111111111111111110001010
11111011111111111111111111010001
11110000000000000000000000001110
11111011111111111111111110000111
11111011111111111111111111000111
11110000000000000000000000001110
11111011111111111111111110000100
11111011111111111111111111001011
11110011101000000000011001000001
11110001101011111111000000001010
11110011001000010001001000001100
00011010111111111111111111011000
11110011001000010001000011111111
00011010111111111111111111001110
11110011001000010001111111000000
00011010111111111111111111010100
11111010111111111111111111001011
11110001101010011001000000001110
11111011111111111111111111111000
11110010000000010001001000010100
11111011111111111111111111110110
11110010000000010001001000010100
11111011111111111111111111110100
11110010000000010001001000010100
11111011111111111111111111110010
11110010000000010001001000010100
11111011111111111111111111110000
11110010000000010001001000010100
11111011111111111111111111101110
11110010000000010001001000010100
11111011111111111111111111101100
11110010000000010001001000010100
11111011111111111111111111101010
11110010000000010001001000010100
11111011111111111111111111101000
11110010000000010001001000010100
11111011111111111111111111100110
11110010000000010001001000000100
11110001101011111111000000001001
11110001101010001000000000001110
11111011111111111111111111101001
11110010000000010001001001110000
11111011111111111111111111100111
11110010000000010001001001110000
11111011111111111111111111100101
11110010000000010001001001110000
11111011111111111111111111100011
11110010000000010001001001110000
11111011111111111111111111100001
11110010000000010001001001110000
11111011111111111111111111011111
11110010000000010001001001110000
11111011111111111111111111011101
11110010000000010001001001110000
11111011111111111111111111011011
11110010000000010001001001110000
11111011111111111111111111011001
11110010000000010001001001110000
11111011111111111111111111010111
11110001101011111111000000001000
11110001101001110111000000001110
11111011111111111111111111101010
11110010000000010001000001100111
11111011111111111111111111101000
11110010000000010001000001100111
11111011111111111111111111100110
11110010000000010001000001100111
11111011111111111111111111100100
11110010000000010001000001100111
11111011111111111111111111100010
11110010000000010001000001100111
11111011111111111111111111100000
11110010000000010001000001100111
11111011111111111111111111011110
11110010000000010001000001100111
11111011111111111111111111011100
11110010000000010001000001100111
11111011111111111111111111011010
11110010000000010001000001100111
11111011111111111111111111011000
11110001101011111111000000000111
11111011111111111111111111101011
11110011101011101110000001100111
11110010000011101110111001100000
11110000000000010001000000001110
11111011111111111111111111100111
11110011101011101110000001100111
11110010000011101110111001100000
11110000000000010001000000001110
11111011111111111111111111100011
11110011101011101110000001100111
11110010000011101110111001100000
11110000000000010001000000001110
11111011111111111111111111011111
11110011101011101110000001100111
11110010000011101110111001100000
11110000000000010001000000001110
11111011111111111111111111011011
11110011101011101110000001100111
11110010000011101110111001100000
11110000000000010001000000001110
11111011111111111111111111010111
11110011101011101110000001100111
11110010000011101110111001100000
11110000000000010001000000001110
11111011111111111111111111010011
11110011101011101110000001100111
11110010000011101110111001100000
11110000000000010001000000001110
11111011111111111111111111001111
11110011101011101110000001100111
11110010000011101110111001100000
11110000000000010001000000001110
11111011111111111111111111001011
11110011101011101110000001100111
11110010000011101110111001100000
11110000000000010001000000001110
11111011000000000000000000000000
